<?xml version="1.0" encoding="UTF-8"?>
<testsuite xmlns:xsi="http://www.w3.org/2001/XMLSchema-instance" xsi:noNamespaceSchemaLocation="https://maven.apache.org/surefire/maven-surefire-plugin/xsd/surefire-test-report.xsd" name="com.safjnest.AppTest" time="0.036" tests="1" errors="0" skipped="0" failures="0">
  <properties>
    <property name="java.specification.version" value="17"/>
    <property name="sun.cpu.isalist" value="amd64"/>
    <property name="sun.jnu.encoding" value="Cp1252"/>
    <property name="java.class.path" value="c:\Users\leona\OneDrive\Documenti\Java programmi a caso\beebox\target\test-classes;c:\Users\leona\OneDrive\Documenti\Java programmi a caso\beebox\target\classes;C:\Users\leona\.m2\repository\junit\junit\4.11\junit-4.11.jar;C:\Users\leona\.m2\repository\org\hamcrest\hamcrest-core\1.3\hamcrest-core-1.3.jar;C:\Users\leona\.m2\repository\com\sedmelluq\lavaplayer\1.3.77\lavaplayer-1.3.77.jar;C:\Users\leona\.m2\repository\com\sedmelluq\lava-common\1.1.2\lava-common-1.1.2.jar;C:\Users\leona\.m2\repository\org\apache\httpcomponents\httpclient\4.5.10\httpclient-4.5.10.jar;C:\Users\leona\.m2\repository\org\apache\httpcomponents\httpcore\4.4.12\httpcore-4.4.12.jar;C:\Users\leona\.m2\repository\commons-logging\commons-logging\1.2\commons-logging-1.2.jar;C:\Users\leona\.m2\repository\commons-codec\commons-codec\1.11\commons-codec-1.11.jar;C:\Users\leona\.m2\repository\com\fasterxml\jackson\core\jackson-core\2.10.0\jackson-core-2.10.0.jar;C:\Users\leona\.m2\repository\com\fasterxml\jackson\core\jackson-databind\2.10.0\jackson-databind-2.10.0.jar;C:\Users\leona\.m2\repository\com\fasterxml\jackson\core\jackson-annotations\2.10.0\jackson-annotations-2.10.0.jar;C:\Users\leona\.m2\repository\com\sedmelluq\lavaplayer-natives\1.3.14\lavaplayer-natives-1.3.14.jar;C:\Users\leona\.m2\repository\org\slf4j\slf4j-api\1.7.25\slf4j-api-1.7.25.jar;C:\Users\leona\.m2\repository\commons-io\commons-io\2.6\commons-io-2.6.jar;C:\Users\leona\.m2\repository\org\jsoup\jsoup\1.12.1\jsoup-1.12.1.jar;C:\Users\leona\.m2\repository\net\iharder\base64\2.3.9\base64-2.3.9.jar;C:\Users\leona\.m2\repository\net\dv8tion\JDA\5.0.0-alpha.5\JDA-5.0.0-alpha.5.jar;C:\Users\leona\.m2\repository\com\google\code\findbugs\jsr305\3.0.2\jsr305-3.0.2.jar;C:\Users\leona\.m2\repository\org\jetbrains\annotations\16.0.1\annotations-16.0.1.jar;C:\Users\leona\.m2\repository\com\neovisionaries\nv-websocket-client\2.14\nv-websocket-client-2.14.jar;C:\Users\leona\.m2\repository\com\squareup\okhttp3\okhttp\3.13.0\okhttp-3.13.0.jar;C:\Users\leona\.m2\repository\com\squareup\okio\okio\1.17.2\okio-1.17.2.jar;C:\Users\leona\.m2\repository\club\minnced\opus-java\1.1.1\opus-java-1.1.1.jar;C:\Users\leona\.m2\repository\club\minnced\opus-java-api\1.1.1\opus-java-api-1.1.1.jar;C:\Users\leona\.m2\repository\net\java\dev\jna\jna\4.4.0\jna-4.4.0.jar;C:\Users\leona\.m2\repository\club\minnced\opus-java-natives\1.1.1\opus-java-natives-1.1.1.jar;C:\Users\leona\.m2\repository\org\apache\commons\commons-collections4\4.1\commons-collections4-4.1.jar;C:\Users\leona\.m2\repository\net\sf\trove4j\trove4j\3.0.3\trove4j-3.0.3.jar;"/>
    <property name="java.vm.vendor" value="Oracle Corporation"/>
    <property name="sun.arch.data.model" value="64"/>
    <property name="user.variant" value=""/>
    <property name="java.vendor.url" value="https://java.oracle.com/"/>
    <property name="user.timezone" value="Europe/Rome"/>
    <property name="os.name" value="Windows 10"/>
    <property name="java.vm.specification.version" value="17"/>
    <property name="sun.java.launcher" value="SUN_STANDARD"/>
    <property name="user.country" value="IT"/>
    <property name="sun.boot.library.path" value="C:\Program Files\Java\jdk-17.0.1\bin"/>
    <property name="sun.java.command" value="C:\Users\leona\AppData\Local\Temp\surefire16768153811716131556\surefirebooter15411907298122836011.jar C:\Users\leona\AppData\Local\Temp\surefire16768153811716131556 2022-02-05T12-27-30_453-jvmRun1 surefire1524432349285455625tmp surefire_06029091325255556463tmp"/>
    <property name="jdk.debug" value="release"/>
    <property name="surefire.test.class.path" value="c:\Users\leona\OneDrive\Documenti\Java programmi a caso\beebox\target\test-classes;c:\Users\leona\OneDrive\Documenti\Java programmi a caso\beebox\target\classes;C:\Users\leona\.m2\repository\junit\junit\4.11\junit-4.11.jar;C:\Users\leona\.m2\repository\org\hamcrest\hamcrest-core\1.3\hamcrest-core-1.3.jar;C:\Users\leona\.m2\repository\com\sedmelluq\lavaplayer\1.3.77\lavaplayer-1.3.77.jar;C:\Users\leona\.m2\repository\com\sedmelluq\lava-common\1.1.2\lava-common-1.1.2.jar;C:\Users\leona\.m2\repository\org\apache\httpcomponents\httpclient\4.5.10\httpclient-4.5.10.jar;C:\Users\leona\.m2\repository\org\apache\httpcomponents\httpcore\4.4.12\httpcore-4.4.12.jar;C:\Users\leona\.m2\repository\commons-logging\commons-logging\1.2\commons-logging-1.2.jar;C:\Users\leona\.m2\repository\commons-codec\commons-codec\1.11\commons-codec-1.11.jar;C:\Users\leona\.m2\repository\com\fasterxml\jackson\core\jackson-core\2.10.0\jackson-core-2.10.0.jar;C:\Users\leona\.m2\repository\com\fasterxml\jackson\core\jackson-databind\2.10.0\jackson-databind-2.10.0.jar;C:\Users\leona\.m2\repository\com\fasterxml\jackson\core\jackson-annotations\2.10.0\jackson-annotations-2.10.0.jar;C:\Users\leona\.m2\repository\com\sedmelluq\lavaplayer-natives\1.3.14\lavaplayer-natives-1.3.14.jar;C:\Users\leona\.m2\repository\org\slf4j\slf4j-api\1.7.25\slf4j-api-1.7.25.jar;C:\Users\leona\.m2\repository\commons-io\commons-io\2.6\commons-io-2.6.jar;C:\Users\leona\.m2\repository\org\jsoup\jsoup\1.12.1\jsoup-1.12.1.jar;C:\Users\leona\.m2\repository\net\iharder\base64\2.3.9\base64-2.3.9.jar;C:\Users\leona\.m2\repository\net\dv8tion\JDA\5.0.0-alpha.5\JDA-5.0.0-alpha.5.jar;C:\Users\leona\.m2\repository\com\google\code\findbugs\jsr305\3.0.2\jsr305-3.0.2.jar;C:\Users\leona\.m2\repository\org\jetbrains\annotations\16.0.1\annotations-16.0.1.jar;C:\Users\leona\.m2\repository\com\neovisionaries\nv-websocket-client\2.14\nv-websocket-client-2.14.jar;C:\Users\leona\.m2\repository\com\squareup\okhttp3\okhttp\3.13.0\okhttp-3.13.0.jar;C:\Users\leona\.m2\repository\com\squareup\okio\okio\1.17.2\okio-1.17.2.jar;C:\Users\leona\.m2\repository\club\minnced\opus-java\1.1.1\opus-java-1.1.1.jar;C:\Users\leona\.m2\repository\club\minnced\opus-java-api\1.1.1\opus-java-api-1.1.1.jar;C:\Users\leona\.m2\repository\net\java\dev\jna\jna\4.4.0\jna-4.4.0.jar;C:\Users\leona\.m2\repository\club\minnced\opus-java-natives\1.1.1\opus-java-natives-1.1.1.jar;C:\Users\leona\.m2\repository\org\apache\commons\commons-collections4\4.1\commons-collections4-4.1.jar;C:\Users\leona\.m2\repository\net\sf\trove4j\trove4j\3.0.3\trove4j-3.0.3.jar;"/>
    <property name="sun.cpu.endian" value="little"/>
    <property name="user.home" value="C:\Users\leona"/>
    <property name="user.language" value="it"/>
    <property name="java.specification.vendor" value="Oracle Corporation"/>
    <property name="java.version.date" value="2021-10-19"/>
    <property name="java.home" value="C:\Program Files\Java\jdk-17.0.1"/>
    <property name="file.separator" value="\"/>
    <property name="basedir" value="c:\Users\leona\OneDrive\Documenti\Java programmi a caso\beebox"/>
    <property name="java.vm.compressedOopsMode" value="Zero based"/>
    <property name="line.separator" value="&#10;"/>
    <property name="java.vm.specification.vendor" value="Oracle Corporation"/>
    <property name="java.specification.name" value="Java Platform API Specification"/>
    <property name="surefire.real.class.path" value="C:\Users\leona\AppData\Local\Temp\surefire16768153811716131556\surefirebooter15411907298122836011.jar"/>
    <property name="user.script" value=""/>
    <property name="sun.management.compiler" value="HotSpot 64-Bit Tiered Compilers"/>
    <property name="java.runtime.version" value="17.0.1+12-LTS-39"/>
    <property name="user.name" value="leona"/>
    <property name="path.separator" value=";"/>
    <property name="os.version" value="10.0"/>
    <property name="java.runtime.name" value="Java(TM) SE Runtime Environment"/>
    <property name="file.encoding" value="Cp1252"/>
    <property name="java.vm.name" value="Java HotSpot(TM) 64-Bit Server VM"/>
    <property name="localRepository" value="C:\Users\leona\.m2\repository"/>
    <property name="java.vendor.url.bug" value="https://bugreport.java.com/bugreport/"/>
    <property name="java.io.tmpdir" value="C:\Users\leona\AppData\Local\Temp\"/>
    <property name="java.version" value="17.0.1"/>
    <property name="user.dir" value="c:\Users\leona\OneDrive\Documenti\Java programmi a caso\beebox"/>
    <property name="os.arch" value="amd64"/>
    <property name="java.vm.specification.name" value="Java Virtual Machine Specification"/>
    <property name="sun.os.patch.level" value=""/>
    <property name="native.encoding" value="Cp1252"/>
    <property name="java.library.path" value="C:\Program Files\Java\jdk-17.0.1\bin;C:\WINDOWS\Sun\Java\bin;C:\WINDOWS\system32;C:\WINDOWS;C:\Program Files\Java\jdk-17.0.1\bin;C:\Program Files (x86)\VMware\VMware Player\bin\;C:\Windows\system32;C:\Windows;C:\Windows\System32\Wbem;C:\Windows\System32\WindowsPowerShell\v1.0\;C:\Windows\System32\OpenSSH\;C:\Program Files (x86)\AMD\ATI.ACE\Core-Static;C:\Users\leona\AppData\Local\Microsoft\WindowsApps;C:\adb;C:\WINDOWS\system32;C:\WINDOWS;C:\WINDOWS\System32\Wbem;C:\WINDOWS\System32\WindowsPowerShell\v1.0\;C:\WINDOWS\System32\OpenSSH\;C:\Program Files (x86)\Bitvise SSH Client;C:\Program Files\Git\cmd;C:\Program Files (x86)\apache-maven-3.8.4\bin;C:\Program Files\Java\changeJava;C:\MinGW\bin;C:\Users\leona\AppData\Local\Programs\MiKTeX\miktex\bin\x64\;C:\Users\leona\AppData\Local\GitHubDesktop\bin;C:\Program Files\heroku\bin;C:\Users\leona\AppData\Local\Programs\Microsoft VS Code\bin;."/>
    <property name="java.vm.info" value="mixed mode, sharing"/>
    <property name="java.vendor" value="Oracle Corporation"/>
    <property name="java.vm.version" value="17.0.1+12-LTS-39"/>
    <property name="sun.io.unicode.encoding" value="UnicodeLittle"/>
    <property name="java.class.version" value="61.0"/>
  </properties>
  <testcase name="shouldAnswerWithTrue" classname="com.safjnest.AppTest" time="0.001"/>
</testsuite>